{"content": {"suites": {"0": {"status": {"total_pass": 2, "total_skip": 0, "total_xpass": 0, "total_xfail": 0, "total_rerun": 0, "total_fail": 4, "total_error": 0}, "tests": {"0": {"status": "FAIL", "message": "   AssertionError: False is not true : Sorting by default sorting failed\n", "test_name": "test_sort_by_default", "rerun": "0"}, "1": {"status": "FAIL", "message": "   selenium.common.exceptions.TimeoutException: Message: \n   Stacktrace:\n   \tGetHandleVerifier [0x00007FF630581F22+60322]\n   \t(No symbol) [0x00007FF6304FCE99]\n   \t(No symbol) [0x00007FF6303B7EBA]\n   \t(No symbol) [0x00007FF630407676]\n   \t(No symbol) [0x00007FF63040773C]\n   \t(No symbol) [0x00007FF63044E967]\n   \t(No symbol) [0x00007FF63042C25F]\n   \t(No symbol) [0x00007FF63044BC80]\n   \t(No symbol) [0x00007FF63042BFC3]\n   \t(No symbol) [0x00007FF6303F9617]\n   \t(No symbol) [0x00007FF6303FA211]\n   \tGetHandleVerifier [0x00007FF63089946D+3301613]\n   \tGetHandleVerifier [0x00007FF6308E3693+3605267]\n   \tGetHandleVerifier [0x00007FF6308D9410+3563664]\n   \tGetHandleVerifier [0x00007FF6306342F6+790390]\n   \t(No symbol) [0x00007FF6305074DF]\n   \t(No symbol) [0x00007FF6305033D4]\n   \t(No symbol) [0x00007FF630503562]\n   \t(No symbol) [0x00007FF6304F2F6F]\n   \tBaseThreadInitThunk [0x00007FF96DB0257D+29]\n   \tRtlUserThreadStart [0x00007FF96E20AA48+40]\n", "test_name": "test_sort_by_newness", "rerun": "0"}, "2": {"status": "PASS", "message": "", "test_name": "test_sort_by_popularity", "rerun": "0"}, "3": {"status": "FAIL", "message": "   AssertionError: False is not true : Sorting by price low to high failed\n", "test_name": "test_sort_by_price_asc", "rerun": "0"}, "4": {"status": "FAIL", "message": "   AssertionError: False is not true : Sorting by price high to low failed\n", "test_name": "test_sort_by_price_desc", "rerun": "0"}, "5": {"status": "PASS", "message": "", "test_name": "test_sort_by_rating", "rerun": "0"}}, "suite_name": "tests/test_case_004_unittest.py"}}}, "date": "May 29, 2024", "start_time": 1716992999.3610733, "total_suite": 1, "status": "FAIL", "status_list": {"pass": "2", "fail": "4", "skip": "0", "error": "0", "xpass": "0", "xfail": "0", "rerun": "0"}, "total_tests": "6"}